<?xml version="1.0" encoding="UTF-8"?>
<!-- Generated by org.testng.reporters.JUnitXMLReporter -->
<testsuite hostname="leons-MacBook-Pro.local" ignored="0" tests="9" failures="0" timestamp="15 Dec 2022 01:07:59 GMT" time="61.011" errors="0">
  <testcase name="checkBoxTest" time="1.942" classname="DropDownTests"/>
  <testcase name="checkBoxTest" time="1.853" classname="PositiveLogInTests"/>
  <testcase name="logInTest" time="3.396" classname="PositiveLogInTests"/>
  <testcase name="negativeTest" time="3.049" classname="NegativeLogInTests"/>
  <testcase name="addAndRemove" time="1.834" classname="AddAndRemove"/>
  <testcase name="testCheckBox" time="1.739" classname="CheckBox"/>
  <testcase name="testContextMenu" time="1.861" classname="ContextMenu"/>
  <testcase name="testDownloadFile" time="6.827" classname="DownloadFile"/>
  <testcase name="testUploadFile" time="2.719" classname="UploadFile"/>
</testsuite>
