<?xml version="1.0" encoding="UTF-8"?>
<testsuite xmlns:xsi="http://www.w3.org/2001/XMLSchema-instance" xsi:noNamespaceSchemaLocation="https://maven.apache.org/surefire/maven-surefire-plugin/xsd/surefire-test-report.xsd" name="TestSuite" time="61.544" tests="9" errors="0" skipped="0" failures="0">
  <properties>
[...]
</properties>
  <testcase name="checkBoxTest" classname="DropDownTests" time="1.951"/>
  <testcase name="checkBoxTest" classname="PositiveLogInTests" time="1.854"/>
  <testcase name="logInTest" classname="PositiveLogInTests" time="3.397"/>
  <testcase name="negativeTest" classname="NegativeLogInTests" time="3.05"/>
  <testcase name="addAndRemove" classname="AddAndRemove" time="1.835"/>
  <testcase name="testCheckBox" classname="CheckBox" time="1.741"/>
  <testcase name="testContextMenu" classname="ContextMenu" time="1.863"/>
  <testcase name="testDownloadFile" classname="DownloadFile" time="6.829"/>
  <testcase name="testUploadFile" classname="UploadFile" time="2.717"/>
</testsuite>